<?xml version="1.0" encoding="UTF-8"?>
<testsuite xmlns:xsi="http://www.w3.org/2001/XMLSchema-instance" xsi:noNamespaceSchemaLocation="https://maven.apache.org/surefire/maven-surefire-plugin/xsd/surefire-test-report.xsd" name="it.codegen.training.SunTravels.controller.HotelControllerTest" time="5.734" tests="5" errors="5" skipped="0" failures="0">
  <properties>
[...]
</properties>
  <testcase name="testSave" classname="it.codegen.training.SunTravels.controller.HotelControllerTest" time="0.323">
    <error message="json string can not be null or empty" type="java.lang.IllegalArgumentException">java.lang.IllegalArgumentException: json string can not be null or empty
	at it.codegen.training.SunTravels.controller.HotelControllerTest.testSave(HotelControllerTest.java:118)
</error>
    <system-out><![CDATA[15:51:57.718 [main] DEBUG org.springframework.boot.test.autoconfigure.web.servlet.WebMvcTestContextBootstrapper -- Neither @ContextConfiguration nor @ContextHierarchy found for test class [HotelControllerTest]: using SpringBootContextLoader
15:51:57.726 [main] DEBUG org.springframework.test.context.support.AbstractContextLoader -- Could not detect default resource locations for test class [it.codegen.training.SunTravels.controller.HotelControllerTest]: no resource found for suffixes {-context.xml, Context.groovy}.
15:51:57.727 [main] INFO org.springframework.test.context.support.AnnotationConfigContextLoaderUtils -- Could not detect default configuration classes for test class [it.codegen.training.SunTravels.controller.HotelControllerTest]: HotelControllerTest does not declare any static, non-private, non-final, nested classes annotated with @Configuration.
15:51:57.828 [main] DEBUG org.springframework.boot.test.autoconfigure.web.servlet.WebMvcTestContextBootstrapper -- Using ContextCustomizers for test class [HotelControllerTest]: [ImportsContextCustomizer, ExcludeFilterContextCustomizer, DuplicateJsonObjectContextCustomizer, MockitoContextCustomizer, DisableAutoConfigurationContextCustomizer, DisableObservabilityContextCustomizer, TypeExcludeFiltersContextCustomizer, PropertyMappingContextCustomizer, Customizer]
15:51:57.995 [main] DEBUG org.springframework.context.annotation.ClassPathScanningCandidateComponentProvider -- Identified candidate component class: file [E:\e1726_sun_travels_back-end-master\e1726_sun_travels_back-end-master\target\classes\it\codegen\training\SunTravels\SunTravelsApplication.class]
15:51:57.998 [main] INFO org.springframework.boot.test.context.SpringBootTestContextBootstrapper -- Found @SpringBootConfiguration it.codegen.training.SunTravels.SunTravelsApplication for test class it.codegen.training.SunTravels.controller.HotelControllerTest
15:51:58.037 [main] DEBUG org.springframework.boot.test.autoconfigure.web.servlet.WebMvcTestContextBootstrapper -- Using TestExecutionListeners for test class [HotelControllerTest]: [ServletTestExecutionListener, DirtiesContextBeforeModesTestExecutionListener, ApplicationEventsTestExecutionListener, MockitoTestExecutionListener, DependencyInjectionTestExecutionListener, DirtiesContextTestExecutionListener, TransactionalTestExecutionListener, SqlScriptsTestExecutionListener, EventPublishingTestExecutionListener, ResetMocksTestExecutionListener, RestDocsTestExecutionListener, MockRestServiceServerResetTestExecutionListener, MockMvcPrintOnlyOnFailureTestExecutionListener, WebDriverTestExecutionListener, MockWebServiceServerTestExecutionListener]
15:51:58.040 [main] DEBUG org.springframework.test.context.support.AbstractDirtiesContextTestExecutionListener -- Before test class: class [HotelControllerTest], class annotated with @DirtiesContext [false] with mode [null]

  .   ____          _            __ _ _
 /\\ / ___'_ __ _ _(_)_ __  __ _ \ \ \ \
( ( )\___ | '_ | '_| | '_ \/ _` | \ \ \ \
 \\/  ___)| |_)| | | | | || (_| |  ) ) ) )
  '  |____| .__|_| |_|_| |_\__, | / / / /
 =========|_|==============|___/=/_/_/_/
 :: Spring Boot ::                (v3.0.5)

2023-05-17T15:51:59.583+05:30  INFO 8876 --- [           main] i.c.t.S.controller.HotelControllerTest   : Starting HotelControllerTest using Java 20.0.1 with PID 8876 (started by wasanapa in E:\e1726_sun_travels_back-end-master\e1726_sun_travels_back-end-master)
2023-05-17T15:51:59.585+05:30  INFO 8876 --- [           main] i.c.t.S.controller.HotelControllerTest   : No active profile set, falling back to 1 default profile: "default"
2023-05-17T15:52:02.612+05:30  INFO 8876 --- [           main] o.s.b.t.m.w.SpringBootMockServletContext : Initializing Spring TestDispatcherServlet ''
2023-05-17T15:52:02.613+05:30  INFO 8876 --- [           main] o.s.t.web.servlet.TestDispatcherServlet  : Initializing Servlet ''
2023-05-17T15:52:02.618+05:30  INFO 8876 --- [           main] o.s.t.web.servlet.TestDispatcherServlet  : Completed initialization in 2 ms
2023-05-17T15:52:02.673+05:30  INFO 8876 --- [           main] i.c.t.S.controller.HotelControllerTest   : Started HotelControllerTest in 3.776 seconds (process running for 7.67)

MockHttpServletRequest:
      HTTP Method = POST
      Request URI = /api/v1/hotels
       Parameters = {}
          Headers = [Content-Type:"application/json;charset=UTF-8", Content-Length:"78"]
             Body = {"hotelId":1,"hotelName":"Hotel 1","city":"City 1","phoneNumber":"0980878908"}
    Session Attrs = {}

Handler:
             Type = org.springframework.web.servlet.resource.ResourceHttpRequestHandler

Async:
    Async started = false
     Async result = null

Resolved Exception:
             Type = null

ModelAndView:
        View name = null
             View = null
            Model = null

FlashMap:
       Attributes = null

MockHttpServletResponse:
           Status = 404
    Error message = null
          Headers = [Vary:"Origin", "Access-Control-Request-Method", "Access-Control-Request-Headers"]
     Content type = null
             Body = 
    Forwarded URL = null
   Redirected URL = null
          Cookies = []
]]></system-out>
  </testcase>
  <testcase name="testGetById" classname="it.codegen.training.SunTravels.controller.HotelControllerTest" time="0.015">
    <error message="json string can not be null or empty" type="java.lang.IllegalArgumentException">java.lang.IllegalArgumentException: json string can not be null or empty
	at it.codegen.training.SunTravels.controller.HotelControllerTest.testGetById(HotelControllerTest.java:93)
</error>
    <system-out><![CDATA[
MockHttpServletRequest:
      HTTP Method = GET
      Request URI = /api/v1/hotels/1
       Parameters = {}
          Headers = []
             Body = null
    Session Attrs = {}

Handler:
             Type = org.springframework.web.servlet.resource.ResourceHttpRequestHandler

Async:
    Async started = false
     Async result = null

Resolved Exception:
             Type = null

ModelAndView:
        View name = null
             View = null
            Model = null

FlashMap:
       Attributes = null

MockHttpServletResponse:
           Status = 404
    Error message = null
          Headers = [Vary:"Origin", "Access-Control-Request-Method", "Access-Control-Request-Headers"]
     Content type = null
             Body = 
    Forwarded URL = null
   Redirected URL = null
          Cookies = []
]]></system-out>
  </testcase>
  <testcase name="testDelete" classname="it.codegen.training.SunTravels.controller.HotelControllerTest" time="0.019">
    <error message="json string can not be null or empty" type="java.lang.IllegalArgumentException">java.lang.IllegalArgumentException: json string can not be null or empty
	at it.codegen.training.SunTravels.controller.HotelControllerTest.testDelete(HotelControllerTest.java:175)
</error>
    <system-out><![CDATA[
MockHttpServletRequest:
      HTTP Method = DELETE
      Request URI = /api/v1/hotels/186
       Parameters = {}
          Headers = []
             Body = null
    Session Attrs = {}

Handler:
             Type = org.springframework.web.servlet.resource.ResourceHttpRequestHandler

Async:
    Async started = false
     Async result = null

Resolved Exception:
             Type = null

ModelAndView:
        View name = null
             View = null
            Model = null

FlashMap:
       Attributes = null

MockHttpServletResponse:
           Status = 404
    Error message = null
          Headers = [Vary:"Origin", "Access-Control-Request-Method", "Access-Control-Request-Headers"]
     Content type = null
             Body = 
    Forwarded URL = null
   Redirected URL = null
          Cookies = []
]]></system-out>
  </testcase>
  <testcase name="testGetAll" classname="it.codegen.training.SunTravels.controller.HotelControllerTest" time="0.019">
    <error message="json string can not be null or empty" type="java.lang.IllegalArgumentException">java.lang.IllegalArgumentException: json string can not be null or empty
	at it.codegen.training.SunTravels.controller.HotelControllerTest.testGetAll(HotelControllerTest.java:73)
</error>
    <system-out><![CDATA[
MockHttpServletRequest:
      HTTP Method = GET
      Request URI = /api/v1/hotels
       Parameters = {}
          Headers = []
             Body = null
    Session Attrs = {}

Handler:
             Type = org.springframework.web.servlet.resource.ResourceHttpRequestHandler

Async:
    Async started = false
     Async result = null

Resolved Exception:
             Type = null

ModelAndView:
        View name = null
             View = null
            Model = null

FlashMap:
       Attributes = null

MockHttpServletResponse:
           Status = 404
    Error message = null
          Headers = [Vary:"Origin", "Access-Control-Request-Method", "Access-Control-Request-Headers"]
     Content type = null
             Body = 
    Forwarded URL = null
   Redirected URL = null
          Cookies = []
]]></system-out>
  </testcase>
  <testcase name="testUpdate" classname="it.codegen.training.SunTravels.controller.HotelControllerTest" time="0.016">
    <error message="json string can not be null or empty" type="java.lang.IllegalArgumentException">java.lang.IllegalArgumentException: json string can not be null or empty
	at it.codegen.training.SunTravels.controller.HotelControllerTest.testUpdate(HotelControllerTest.java:148)
</error>
    <system-out><![CDATA[
MockHttpServletRequest:
      HTTP Method = PUT
      Request URI = /api/v1/hotels/1
       Parameters = {}
          Headers = [Content-Type:"application/json;charset=UTF-8", Content-Length:"78"]
             Body = {"hotelId":1,"hotelName":"Hotel 1","city":"City 1","phoneNumber":"0980878908"}
    Session Attrs = {}

Handler:
             Type = org.springframework.web.servlet.resource.ResourceHttpRequestHandler

Async:
    Async started = false
     Async result = null

Resolved Exception:
             Type = null

ModelAndView:
        View name = null
             View = null
            Model = null

FlashMap:
       Attributes = null

MockHttpServletResponse:
           Status = 404
    Error message = null
          Headers = [Vary:"Origin", "Access-Control-Request-Method", "Access-Control-Request-Headers"]
     Content type = null
             Body = 
    Forwarded URL = null
   Redirected URL = null
          Cookies = []
]]></system-out>
  </testcase>
</testsuite>